[2020-02-12 02:08:41] - lgb_0212_0208 - train_x shape: (1458, 220)
[2020-02-12 02:08:41] - lgb_0212_0208 - train_y shape: (1458,)
[2020-02-12 02:08:41] - lgb_0212_0208 - start training cv
[2020-02-12 02:08:41] - lgb_0212_0208 - cv method: KFold
[2020-02-12 02:08:41] - lgb_0212_0208 fold 0 - start training
[2020-02-12 02:08:49] - lgb_0212_0208 fold 0 - end training - score 0.017746879100661545
[2020-02-12 02:08:50] - lgb_0212_0208 fold 1 - start training
[2020-02-12 02:09:14] - lgb_0212_0208 fold 1 - end training - score 0.01877896451964322
[2020-02-12 02:09:15] - lgb_0212_0208 fold 2 - start training
[2020-02-12 02:09:28] - lgb_0212_0208 fold 2 - end training - score 0.016106343601458944
[2020-02-12 02:09:29] - lgb_0212_0208 - end training cv - score 0.017544062407254573
[2020-02-12 02:09:37] - lgb_0212_0208 - start prediction cv
[2020-02-12 02:09:37] - lgb_0212_0208 - start prediction fold:0
[2020-02-12 02:09:38] - lgb_0212_0208 - end prediction fold:0
[2020-02-12 02:09:38] - lgb_0212_0208 - start prediction fold:1
[2020-02-12 02:09:38] - lgb_0212_0208 - end prediction fold:1
[2020-02-12 02:09:38] - lgb_0212_0208 - start prediction fold:2
[2020-02-12 02:09:38] - lgb_0212_0208 - end prediction fold:2
[2020-02-12 02:09:38] - lgb_0212_0208 - end prediction cv
[2020-02-12 02:09:38] - lgb_0212_0208 - start create submission
[2020-02-12 02:09:38] - lgb_0212_0208 - end create submission
