[2020-02-12 02:09:50] - cb_0212_0208 - train_x shape: (1458, 220)
[2020-02-12 02:09:50] - cb_0212_0208 - train_y shape: (1458,)
[2020-02-12 02:09:50] - cb_0212_0208 - start training cv
[2020-02-12 02:09:50] - cb_0212_0208 - cv method: KFold
[2020-02-12 02:09:50] - cb_0212_0208 fold 0 - start training
[2020-02-12 02:11:18] - cb_0212_0208 fold 0 - end training - score 0.014902824779130758
[2020-02-12 02:11:18] - cb_0212_0208 fold 1 - start training
[2020-02-12 02:12:41] - cb_0212_0208 fold 1 - end training - score 0.016458142883363523
[2020-02-12 02:12:42] - cb_0212_0208 fold 2 - start training
[2020-02-12 02:14:05] - cb_0212_0208 fold 2 - end training - score 0.012134680424137423
[2020-02-12 02:14:06] - cb_0212_0208 - end training cv - score 0.014498549362210568
[2020-02-12 02:14:06] - cb_0212_0208 - start prediction cv
[2020-02-12 02:14:06] - cb_0212_0208 - start prediction fold:0
[2020-02-12 02:14:06] - cb_0212_0208 - end prediction fold:0
[2020-02-12 02:14:06] - cb_0212_0208 - start prediction fold:1
[2020-02-12 02:14:06] - cb_0212_0208 - end prediction fold:1
[2020-02-12 02:14:06] - cb_0212_0208 - start prediction fold:2
[2020-02-12 02:14:07] - cb_0212_0208 - end prediction fold:2
[2020-02-12 02:14:07] - cb_0212_0208 - end prediction cv
[2020-02-12 02:14:07] - cb_0212_0208 - start create submission
[2020-02-12 02:14:07] - cb_0212_0208 - end create submission
