[2020-02-15 01:58:13] - xgb_0215_0158 - train_x shape: (1458, 220)
[2020-02-15 01:58:13] - xgb_0215_0158 - train_y shape: (1458,)
[2020-02-15 01:58:13] - xgb_0215_0158 - start training cv
[2020-02-15 01:58:13] - xgb_0215_0158 - cv method: KFold
[2020-02-15 01:58:13] - xgb_0215_0158 fold 0 - start training
[2020-02-15 01:58:15] - xgb_0215_0158 fold 0 - end training - score 0.019405378407307505
[2020-02-15 01:58:15] - xgb_0215_0158 fold 1 - start training
[2020-02-15 01:58:18] - xgb_0215_0158 fold 1 - end training - score 0.0197266314403994
[2020-02-15 01:58:18] - xgb_0215_0158 fold 2 - start training
[2020-02-15 01:58:21] - xgb_0215_0158 fold 2 - end training - score 0.017188498591753948
[2020-02-15 01:58:21] - xgb_0215_0158 - end training cv - score 0.018773502813153615
[2020-02-15 01:58:25] - xgb_0215_0158 - start prediction cv
[2020-02-15 01:58:25] - xgb_0215_0158 - start prediction fold:0
[2020-02-15 01:58:25] - xgb_0215_0158 - end prediction fold:0
[2020-02-15 01:58:25] - xgb_0215_0158 - start prediction fold:1
[2020-02-15 01:58:25] - xgb_0215_0158 - end prediction fold:1
[2020-02-15 01:58:25] - xgb_0215_0158 - start prediction fold:2
[2020-02-15 01:58:25] - xgb_0215_0158 - end prediction fold:2
[2020-02-15 01:58:25] - xgb_0215_0158 - end prediction cv
[2020-02-15 01:58:25] - xgb_0215_0158 - start create submission
[2020-02-15 01:58:25] - xgb_0215_0158 - end create submission
